[2025-07-06 13:00:49] info: Servidor HTTPS rodando na porta 5000
[2025-07-06 13:00:49] info: MongoDB conectado
[2025-07-06 13:13:52] info: Servidor HTTPS rodando na porta 5000
[2025-07-06 13:13:53] info: MongoDB conectado
[2025-07-06 13:14:06] info: POST /api/auth/login
[2025-07-06 13:14:12] info: POST /api/auth/login
[2025-07-06 13:14:26] info: POST /api/auth/login
[2025-07-06 13:14:44] info: POST /api/auth/login
[2025-07-06 13:15:39] info: POST /api/auth/login
[2025-07-06 13:15:41] info: POST /api/auth/login
[2025-07-06 13:57:23] info: Servidor HTTPS rodando na porta 5000
[2025-07-06 13:57:23] info: MongoDB conectado
[2025-07-06 13:57:35] info: POST /api/auth/login
[2025-07-06 13:57:42] info: POST /api/auth/login
[2025-07-06 19:01:41] info: Servidor HTTPS rodando na porta 5000
[2025-07-06 19:01:41] info: MongoDB conectado
[2025-07-06 19:03:16] info: POST /api/auth/login
[2025-07-06 19:03:24] info: POST /api/auth/login
[2025-07-06 19:03:25] info: POST /api/auth/login
[2025-07-06 19:10:17] info: POST /api/auth/login
[2025-07-06 19:10:19] info: POST /api/auth/login
[2025-07-06 19:10:20] info: POST /api/auth/login
[2025-07-06 19:26:20] info: Servidor HTTPS rodando na porta 5000
[2025-07-06 19:26:20] info: MongoDB conectado
[2025-07-06 19:27:53] info: POST /api/auth/login
[2025-07-06 19:27:55] info: Login bem-sucedido
[2025-07-06 19:27:56] info: POST /api/auth/login
[2025-07-06 19:27:56] info: GET /api/filmes
[2025-07-06 19:27:57] info: Login bem-sucedido
[2025-07-06 19:27:57] info: GET /api/filmes
[2025-07-06 19:32:38] info: POST /api/filmes
[2025-07-06 19:32:38] info: Filme cadastrado:
[2025-07-06 19:45:57] info: DELETE /api/filmes/undefined
[2025-07-06 19:52:09] info: Servidor HTTPS rodando na porta 5000
[2025-07-06 19:52:09] info: MongoDB conectado
[2025-07-06 19:52:46] info: POST /api/auth/login
[2025-07-06 19:52:46] info: Login bem-sucedido
[2025-07-06 19:52:46] info: GET /api/filmes
[2025-07-06 19:53:13] info: POST /api/filmes
[2025-07-06 19:53:13] info: Filme cadastrado:
